<?xml version="1.0" encoding="UTF-8"?>
<!-- Generated by org.testng.reporters.JUnitReportReporter -->
<testsuite hostname="DESKTOP-OI01Q94" failures="0" tests="5" name="ECommerce.ProductStore" time="32.874" errors="0" timestamp="2025-03-11T15:17:13 GST" skipped="0">
  <testcase classname="ECommerce.ProductStore" name="SignUp" time="3.512"/>
  <testcase classname="ECommerce.ProductStore" name="ViewFeaturedPromotions" time="2.279"/>
  <testcase classname="ECommerce.ProductStore" name="ProductBrowsing" time="9.173"/>
  <testcase classname="ECommerce.ProductStore" name="ProductBrowsing" time="8.930"/>
  <testcase classname="ECommerce.ProductStore" name="ProductBrowsing" time="8.980"/>
</testsuite> <!-- ECommerce.ProductStore -->
