<?xml version="1.0" encoding="UTF-8"?>
<!-- Generated by org.testng.reporters.JUnitReportReporter -->
<testsuite hostname="DESKTOP-OI01Q94" failures="0" tests="4" name="OrangeHRM.AdminFeatures" time="23.923" errors="0" timestamp="2025-03-11T16:34:05 GST" skipped="0">
  <testcase classname="OrangeHRM.AdminFeatures" name="LeftMenuRead" time="3.584"/>
  <testcase classname="OrangeHRM.AdminFeatures" name="SearchByName" time="3.615"/>
  <testcase classname="OrangeHRM.AdminFeatures" name="SearchByRole" time="8.379"/>
  <testcase classname="OrangeHRM.AdminFeatures" name="SearchByStatus" time="8.345"/>
</testsuite> <!-- OrangeHRM.AdminFeatures -->
