<?xml version="1.0" encoding="UTF-8"?>
<!-- Generated by org.testng.reporters.JUnitReportReporter -->
<testsuite hostname="DESKTOP-OI01Q94" failures="0" tests="1" name="OrangeHRM.NewTest" time="0.816" errors="0" timestamp="2025-02-25T22:32:40 GST" skipped="0">
  <testcase classname="OrangeHRM.NewTest" name="f" time="0.816"/>
</testsuite> <!-- OrangeHRM.NewTest -->
